c:\users\tobia\source\repos\game\build\debug\ecg_solution\vc142.pdb
c:\users\tobia\source\repos\game\build\debug\ecg_solution\vc142.idb
c:\users\tobia\source\repos\game\build\debug\ecg_solution\glad.obj
c:\users\tobia\source\repos\game\build\debug\ecg_solution\main.obj
c:\users\tobia\source\repos\game\bin\debug\assimp-vc142-mtd.dll
c:\users\tobia\source\repos\game\bin\debug\irrlicht.dll
c:\users\tobia\source\repos\game\bin\debug\libpng16d.dll
c:\users\tobia\source\repos\game\bin\debug\zlibd1.dll
c:\users\tobia\source\repos\game\bin\debug\jpeg62.dll
c:\users\tobia\source\repos\game\bin\debug\bz2d.dll
c:\users\tobia\source\repos\game\build\debug\ecg_solution\ecg_solution.ilk
c:\users\tobia\source\repos\game\bin\debug\ecg_solution.exe
c:\users\tobia\source\repos\game\bin\debug\ecg_solution.pdb
c:\users\tobia\source\repos\game\build\debug\ecg_solution\ecg_solution.tlog\cl.command.1.tlog
c:\users\tobia\source\repos\game\build\debug\ecg_solution\ecg_solution.tlog\cl.read.1.tlog
c:\users\tobia\source\repos\game\build\debug\ecg_solution\ecg_solution.tlog\cl.write.1.tlog
c:\users\tobia\source\repos\game\build\debug\ecg_solution\ecg_solution.tlog\ecg_solution.write.1u.tlog
c:\users\tobia\source\repos\game\build\debug\ecg_solution\ecg_solution.tlog\link.command.1.tlog
c:\users\tobia\source\repos\game\build\debug\ecg_solution\ecg_solution.tlog\link.read.1.tlog
c:\users\tobia\source\repos\game\build\debug\ecg_solution\ecg_solution.tlog\link.write.1.tlog
